Change Component Comment : Designator=Q? Old Comment=BC547BG New Comment=BC547CG
Change Component Designator: OldDesignator=C? NewDesignator=C1
Change Component Designator: OldDesignator=C? NewDesignator=C2
Change Component Designator: OldDesignator=C? NewDesignator=C3
Change Component Designator: OldDesignator=C? NewDesignator=C4
Change Component Designator: OldDesignator=Q? NewDesignator=Q1
Change Component Designator: OldDesignator=Q? NewDesignator=Q2
Change Component Designator: OldDesignator=Q? NewDesignator=Q3
Change Component Designator: OldDesignator=Q? NewDesignator=Q4
Change Component Designator: OldDesignator=Q? NewDesignator=Q5
Change Component Designator: OldDesignator=R? NewDesignator=R1
Change Component Designator: OldDesignator=R? NewDesignator=R2
Change Component Designator: OldDesignator=R? NewDesignator=R3
Change Component Designator: OldDesignator=R? NewDesignator=R4
Change Component Designator: OldDesignator=R? NewDesignator=R5
Change Component Designator: OldDesignator=R? NewDesignator=R6
Change Component Designator: OldDesignator=R? NewDesignator=R7
Change Component Designator: OldDesignator=R? NewDesignator=R8
Change Component Designator: OldDesignator=R? NewDesignator=R9
Change Component Designator: OldDesignator=R? NewDesignator=R10
Change Component Designator: OldDesignator=R? NewDesignator=R11
Change Component Designator: OldDesignator=R? NewDesignator=R12
Change Component Designator: OldDesignator=R? NewDesignator=R13
Change Net Name : Old Net Name=NetC?_1 New Net Name=NetC4_1
Change Net Name : Old Net Name=NetC?_2 New Net Name=NetC3_2
Change Net Name : Old Net Name=NetQ?_1 New Net Name=NetQ1_1
Change Net Name : Old Net Name=NetQ?_2 New Net Name=NetQ3_2
Change Net Name : Old Net Name=NetQ?_3 New Net Name=NetQ1_3
Change Net Name : Old Net Name=NetR?_1 New Net Name=NetR7_1
Added Pin To Net: NetName=NetC1_1 Pin=C1-1
Added Pin To Net: NetName=NetC1_1 Pin=Q3-1
Added Pin To Net: NetName=NetC1_1 Pin=R2-1
Added Net: Name=NetC1_1
Added Pin To Net: NetName=NetC1_2 Pin=C1-2
Added Pin To Net: NetName=NetC1_2 Pin=Q2-1
Added Pin To Net: NetName=NetC1_2 Pin=Q4-1
Added Pin To Net: NetName=NetC1_2 Pin=R3-2
Added Pin To Net: NetName=NetC1_2 Pin=R9-2
Added Net: Name=NetC1_2
Added Pin To Net: NetName=NetC2_2 Pin=C2-2
Added Pin To Net: NetName=NetC2_2 Pin=R6-1
Added Net: Name=NetC2_2
Added Pin To Net: NetName=NetC3_1 Pin=C3-1
Added Pin To Net: NetName=NetC3_1 Pin=R5-2
Added Pin To Net: NetName=NetC3_1 Pin=R8-2
Added Net: Name=NetC3_1
Added Pin To Net: NetName=NetQ4_3 Pin=Q4-3
Added Pin To Net: NetName=NetQ4_3 Pin=Q5-1
Added Pin To Net: NetName=NetQ4_3 Pin=R13-1
Added Net: Name=NetQ4_3
Added Pin To Net: NetName=NetQ5_2 Pin=Q5-2
Added Pin To Net: NetName=NetQ5_2 Pin=R8-1
Added Net: Name=NetQ5_2
Added Member To Class: ClassName=Sheet1 Member=Component C2 4.7µF
Added Member To Class: ClassName=Sheet1 Member=Component C3 1mF
Added Member To Class: ClassName=Sheet1 Member=Component C4 470µF
Added Member To Class: ClassName=Sheet1 Member=Component Q1 TIP31CG
Added Member To Class: ClassName=Sheet1 Member=Component Q3 BC547CG
Added Member To Class: ClassName=Sheet1 Member=Component Q4 TIP31CG
Added Member To Class: ClassName=Sheet1 Member=Component Q5 TIP32CG
Added Member To Class: ClassName=Sheet1 Member=Component R1 8O
Added Member To Class: ClassName=Sheet1 Member=Component R2 8O
Added Member To Class: ClassName=Sheet1 Member=Component R3 8O
Added Member To Class: ClassName=Sheet1 Member=Component R4 8O
Added Member To Class: ClassName=Sheet1 Member=Component R5 8O
Added Member To Class: ClassName=Sheet1 Member=Component R6 8O
Added Member To Class: ClassName=Sheet1 Member=Component R7 8O
Added Member To Class: ClassName=Sheet1 Member=Component R8 8O
Added Member To Class: ClassName=Sheet1 Member=Component R10 8O
Added Member To Class: ClassName=Sheet1 Member=Component R11 8O
Added Member To Class: ClassName=Sheet1 Member=Component R12 8O
Added Member To Class: ClassName=Sheet1 Member=Component R13 8O
